<?xml version="1.0" encoding="UTF-8"?>
<!-- Generated by org.testng.reporters.JUnitReportReporter -->
<testsuite name="com.Jenkins.jenkins.Jenkins" tests="1" time="0.006" ignored="0" failures="0" timestamp="15 Feb 2017 03:32:49 GMT" skipped="0" hostname="iqbal" errors="0">
  <testcase name="test" time="0.006" classname="com.Jenkins.jenkins.Jenkins"/>
</testsuite> <!-- com.Jenkins.jenkins.Jenkins -->
